<?xml version="1.0" encoding="UTF-8"?>
<testng-results ignored="0" total="2" passed="2" failed="0" skipped="0">
  <reporter-output>
  </reporter-output>
  <suite started-at="2025-09-24T14:59:07 IST" name="Default suite" finished-at="2025-09-24T14:59:07 IST" duration-ms="115">
    <groups>
    </groups>
    <test started-at="2025-09-24T14:59:07 IST" name="Default test" finished-at="2025-09-24T14:59:07 IST" duration-ms="115">
      <class name="sample.SampleTest">
        <test-method signature="sampletest()[pri:0, instance:sample.SampleTest@5677323c]" started-at="2025-09-24T14:59:07 IST" name="sampletest" finished-at="2025-09-24T14:59:07 IST" duration-ms="20" status="PASS">
          <reporter-output>
          </reporter-output>
        </test-method> <!-- sampletest -->
        <test-method signature="sampletest1()[pri:0, instance:sample.SampleTest@5677323c]" started-at="2025-09-24T14:59:07 IST" name="sampletest1" finished-at="2025-09-24T14:59:07 IST" duration-ms="2" status="PASS">
          <reporter-output>
          </reporter-output>
        </test-method> <!-- sampletest1 -->
      </class> <!-- sample.SampleTest -->
    </test> <!-- Default test -->
  </suite> <!-- Default suite -->
</testng-results>
