<?xml version="1.0" encoding="UTF-8"?>
<testng-results ignored="0" total="1" passed="1" failed="0" skipped="0">
  <reporter-output>
  </reporter-output>
  <suite started-at="2025-09-25T12:20:23 IST" name="Default suite" finished-at="2025-09-25T12:20:23 IST" duration-ms="66">
    <groups>
    </groups>
    <test started-at="2025-09-25T12:20:23 IST" name="Default test" finished-at="2025-09-25T12:20:23 IST" duration-ms="66">
      <class name="aAssert.soft.hard.CreateProtest">
        <test-method signature="producttest()[pri:0, instance:aAssert.soft.hard.CreateProtest@6392827e]" started-at="2025-09-25T12:20:23 IST" name="producttest" finished-at="2025-09-25T12:20:23 IST" duration-ms="19" status="PASS">
          <reporter-output>
          </reporter-output>
        </test-method> <!-- producttest -->
      </class> <!-- aAssert.soft.hard.CreateProtest -->
    </test> <!-- Default test -->
  </suite> <!-- Default suite -->
</testng-results>
